  icode   ic inum1 inum2 inum3   subed  recmonps reccnstps  flow(m^3)   sed(t)      orgn(kg)    orgp(kg)    nitrate(kg) sol.p(kg)   sol.pst(mg) sor.pst(mg)
       1        1        1        0        0        0                         0.2196E+09  0.1049E+09  0.3686E+07  0.1132E+07  0.3253E+06  0.2632E+03  0.0000E+00  0.0000E+00
       1        2        2        0        0        0                         0.1556E+09  0.5393E+08  0.3670E+07  0.9330E+06  0.2048E+06  0.2030E+03  0.0000E+00  0.0000E+00
       1        3        3        0        0        0                         0.1322E+09  0.2284E+08  0.3994E+07  0.9051E+06  0.1526E+06  0.1778E+03  0.0000E+00  0.0000E+00
       1        4        4        0        0        0                         0.7100E+08  0.5371E+08  0.1155E+07  0.3552E+06  0.1079E+06  0.4921E+02  0.0000E+00  0.0000E+00
       1        5        5        0        0        0                         0.1541E+09  0.7730E+08  0.2589E+07  0.7951E+06  0.2280E+06  0.1812E+03  0.0000E+00  0.0000E+00
       1        6        6        0        0        0                         0.2646E+09  0.5029E+08  0.8055E+07  0.1826E+07  0.3036E+06  0.3534E+03  0.0000E+00  0.0000E+00
       1        7        7        0        0        0                         0.7264E+08  0.2825E+08  0.1227E+07  0.3768E+06  0.1070E+06  0.9982E+02  0.0000E+00  0.0000E+00
       1        8        8        0        0        0                         0.1258E+09  0.2717E+08  0.3755E+07  0.8520E+06  0.1472E+06  0.1423E+03  0.0000E+00  0.0000E+00
       1        9        9        0        0        0                         0.2518E+09  0.1442E+09  0.4139E+07  0.1272E+07  0.3795E+06  0.1995E+03  0.0000E+00  0.0000E+00
       1       10       10        0        0        0                         0.2928E+09  0.6233E+08  0.8713E+07  0.1977E+07  0.3438E+06  0.3289E+03  0.0000E+00  0.0000E+00
       1       11       11        0        0        0                         0.2719E+09  0.1741E+09  0.4455E+07  0.1369E+07  0.4112E+06  0.2025E+03  0.0000E+00  0.0000E+00
       1       12       12        0        0        0                         0.7489E+08  0.3279E+08  0.1260E+07  0.3871E+06  0.1107E+06  0.9232E+02  0.0000E+00  0.0000E+00
       1       13       13        0        0        0                         0.1620E+09  0.3615E+08  0.4829E+07  0.1095E+07  0.1898E+06  0.1826E+03  0.0000E+00  0.0000E+00
       1       14       14        0        0        0                         0.4005E+09  0.1933E+09  0.8443E+07  0.2234E+07  0.5621E+06  0.2779E+03  0.0000E+00  0.0000E+00
       1       15       15        0        0        0                         0.6381E+08  0.4171E+08  0.1047E+07  0.3218E+06  0.9630E+05  0.4849E+02  0.0000E+00  0.0000E+00
       1       16       16        0        0        0                         0.2644E+09  0.6301E+08  0.7775E+07  0.1764E+07  0.3143E+06  0.2774E+03  0.0000E+00  0.0000E+00
       1       17       17        0        0        0                         0.1341E+09  0.4794E+08  0.3818E+07  0.8670E+06  0.1640E+06  0.1103E+03  0.0000E+00  0.0000E+00
       1       18       18        0        0        0                         0.1837E+09  0.6263E+08  0.5273E+07  0.1197E+07  0.2232E+06  0.1612E+03  0.0000E+00  0.0000E+00
       1       19       19        0        0        0                         0.1044E+09  0.3767E+08  0.2980E+07  0.6766E+06  0.1275E+06  0.8898E+02  0.0000E+00  0.0000E+00
       1       20       20        0        0        0                         0.1190E+09  0.7417E+08  0.1960E+07  0.6024E+06  0.1791E+06  0.9287E+02  0.0000E+00  0.0000E+00
       1       21       21        0        0        0                         0.2641E+09  0.1780E+09  0.4333E+07  0.1332E+07  0.3988E+06  0.1941E+03  0.0000E+00  0.0000E+00
       1       22       22        0        0        0                         0.1617E+09  0.7511E+08  0.4359E+07  0.9906E+06  0.2071E+06  0.8253E+02  0.0000E+00  0.0000E+00
       1       23       23        0        0        0                         0.7922E+08  0.3500E+08  0.1958E+07  0.4760E+06  0.1045E+06  0.4960E+02  0.0000E+00  0.0000E+00
       1       24       24        0        0        0                         0.1540E+09  0.8545E+08  0.3395E+07  0.8783E+06  0.2125E+06  0.1000E+03  0.0000E+00  0.0000E+00
       1       25       25        0        0        0                         0.7373E+08  0.5203E+08  0.1209E+07  0.3716E+06  0.1114E+06  0.5381E+02  0.0000E+00  0.0000E+00
       1       26       26        0        0        0                         0.8422E+08  0.3115E+08  0.2311E+07  0.5251E+06  0.1062E+06  0.5018E+02  0.0000E+00  0.0000E+00
       1       27       27        0        0        0                         0.7089E+08  0.3131E+08  0.1932E+07  0.4392E+06  0.8990E+05  0.3811E+02  0.0000E+00  0.0000E+00
       1       28       28        0        0        0                         0.6829E+08  0.3877E+08  0.1627E+07  0.3958E+06  0.9306E+05  0.3659E+02  0.0000E+00  0.0000E+00
       1       29       29        0        0        0                         0.1631E+09  0.7594E+08  0.4394E+07  0.9987E+06  0.2089E+06  0.8322E+02  0.0000E+00  0.0000E+00
       1       30       30        0        0        0                         0.2254E+09  0.9480E+08  0.6190E+07  0.1407E+07  0.2842E+06  0.1257E+03  0.0000E+00  0.0000E+00
       1       31       31        0        0        0                         0.6141E+08  0.4562E+08  0.1001E+07  0.3078E+06  0.9323E+05  0.4341E+02  0.0000E+00  0.0000E+00
       1       32       32        0        0        0                         0.1241E+09  0.6597E+08  0.2962E+07  0.7203E+06  0.1694E+06  0.6779E+02  0.0000E+00  0.0000E+00
       1       33       33        0        0        0                         0.6514E+08  0.3753E+08  0.1546E+07  0.3759E+06  0.8937E+05  0.3441E+02  0.0000E+00  0.0000E+00
       1       34       34        0        0        0                         0.6630E+08  0.3557E+08  0.1596E+07  0.3882E+06  0.8978E+05  0.3700E+02  0.0000E+00  0.0000E+00
       1       35       35        0        0        0                         0.1596E+09  0.8394E+08  0.3836E+07  0.9328E+06  0.2156E+06  0.8862E+02  0.0000E+00  0.0000E+00
       1       36       36        0        0        0                         0.2101E+09  0.1007E+09  0.3547E+07  0.1089E+07  0.3097E+06  0.2864E+03  0.0000E+00  0.0000E+00
       1       37       37        0        0        0                         0.3935E+08  0.2085E+08  0.9407E+06  0.2287E+06  0.5344E+05  0.2190E+02  0.0000E+00  0.0000E+00
       1       38       38        0        0        0                         0.1452E+09  0.7190E+08  0.3908E+07  0.8882E+06  0.1861E+06  0.7372E+02  0.0000E+00  0.0000E+00
       1       39       39        0        0        0                         0.1069E+09  0.3605E+08  0.2712E+07  0.6628E+06  0.1370E+06  0.1124E+03  0.0000E+00  0.0000E+00
       1       40       40        0        0        0                         0.1271E+09  0.5860E+08  0.3429E+07  0.7794E+06  0.1624E+06  0.6551E+02  0.0000E+00  0.0000E+00
       1       41       41        0        0        0                         0.1220E+09  0.7258E+08  0.2013E+07  0.6187E+06  0.1832E+06  0.9772E+02  0.0000E+00  0.0000E+00
       1       42       42        0        0        0                         0.5959E+07  0.4727E+07  0.7413E+05  0.2768E+05  0.9459E+04  0.7908E+01  0.0000E+00  0.0000E+00
       1       43       43        0        0        0                         0.2302E+09  0.1340E+09  0.5490E+07  0.1335E+07  0.3132E+06  0.1207E+03  0.0000E+00  0.0000E+00
       1       44       44        0        0        0                         0.8462E+08  0.1900E+08  0.2520E+07  0.5713E+06  0.9912E+05  0.9951E+02  0.0000E+00  0.0000E+00
       1       45       45        0        0        0                         0.1449E+09  0.7039E+08  0.2419E+07  0.7429E+06  0.2155E+06  0.1690E+03  0.0000E+00  0.0000E+00
       1       46       46        0        0        0                         0.1300E+07  0.5868E+06  0.3260E+05  0.7411E+04  0.1756E+04  0.6052E+00  0.0000E+00  0.0000E+00
       1       47       47        0        0        0                         0.4183E+08  0.1897E+08  0.1024E+07  0.2491E+06  0.5558E+05  0.2569E+02  0.0000E+00  0.0000E+00
       1       48       48        0        0        0                         0.8821E+08  0.3247E+08  0.1481E+07  0.4547E+06  0.1305E+06  0.1218E+03  0.0000E+00  0.0000E+00
       1       49       49        0        0        0                         0.3538E+07  0.1187E+07  0.8822E+05  0.2144E+05  0.4604E+04  0.2721E+01  0.0000E+00  0.0000E+00
       1       50       50        0        0        0                         0.1740E+09  0.8597E+08  0.4239E+07  0.1031E+07  0.2322E+06  0.1013E+03  0.0000E+00  0.0000E+00
       1       51       51        0        0        0                         0.1736E+09  0.5541E+08  0.4788E+07  0.1088E+07  0.2179E+06  0.1103E+03  0.0000E+00  0.0000E+00
       1       52       52        0        0        0                         0.1089E+09  0.7715E+08  0.1785E+07  0.5486E+06  0.1646E+06  0.7887E+02  0.0000E+00  0.0000E+00
       1       53       53        0        0        0                         0.4217E+08  0.2599E+08  0.6934E+06  0.2132E+06  0.6349E+05  0.3337E+02  0.0000E+00  0.0000E+00
       1       54       54        0        0        0                         0.2685E+09  0.2047E+09  0.4356E+07  0.1339E+07  0.4088E+06  0.1808E+03  0.0000E+00  0.0000E+00
       1       55       55        0        0        0                         0.6364E+08  0.3002E+08  0.1556E+07  0.3784E+06  0.8472E+05  0.3831E+02  0.0000E+00  0.0000E+00
       1       56       56        0        0        0                         0.6345E+08  0.5054E+08  0.1026E+07  0.3155E+06  0.9685E+05  0.4229E+02  0.0000E+00  0.0000E+00
       1       57       57        0        0        0                         0.1919E+09  0.8914E+08  0.4683E+07  0.1139E+07  0.2557E+06  0.1142E+03  0.0000E+00  0.0000E+00
       1       58       58        0        0        0                         0.8742E+08  0.7519E+08  0.1408E+07  0.4329E+06  0.1340E+06  0.5500E+02  0.0000E+00  0.0000E+00
       1       59       59        0        0        0                         0.3170E+09  0.2876E+09  0.5076E+07  0.1561E+07  0.4880E+06  0.1872E+03  0.0000E+00  0.0000E+00
       1       60       60        0        0        0                         0.1465E+08  0.6677E+07  0.3509E+06  0.8532E+05  0.1978E+05  0.8713E+01  0.0000E+00  0.0000E+00
       1       61       61        0        0        0                         0.2932E+08  0.1298E+08  0.7180E+06  0.1746E+06  0.3892E+05  0.1822E+02  0.0000E+00  0.0000E+00
       1       62       62        0        0        0                         0.4509E+08  0.2310E+08  0.1085E+07  0.2638E+06  0.6076E+05  0.2568E+02  0.0000E+00  0.0000E+00
       1       63       63        0        0        0                         0.3248E+08  0.1750E+08  0.7692E+06  0.1870E+06  0.4432E+05  0.1770E+02  0.0000E+00  0.0000E+00
       1       64       64        0        0        0                         0.2103E+09  0.2261E+09  0.2527E+07  0.9468E+06  0.3472E+06  0.1261E+03  0.0000E+00  0.0000E+00
       1       65       65        0        0        0                         0.2650E+08  0.1356E+08  0.6300E+06  0.1532E+06  0.3604E+05  0.1485E+02  0.0000E+00  0.0000E+00
       1       66       66        0        0        0                         0.4889E+08  0.2334E+08  0.1176E+07  0.2860E+06  0.6583E+05  0.2853E+02  0.0000E+00  0.0000E+00
       1       67       67        0        0        0                         0.1743E+09  0.1929E+09  0.2114E+07  0.7919E+06  0.2849E+06  0.1064E+03  0.0000E+00  0.0000E+00
       1       68       68        0        0        0                         0.2793E+08  0.2760E+08  0.3429E+06  0.1284E+06  0.4495E+05  0.1875E+02  0.0000E+00  0.0000E+00
       1       69       69        0        0        0                         0.2391E+08  0.2157E+08  0.2963E+06  0.1110E+06  0.3809E+05  0.1694E+02  0.0000E+00  0.0000E+00
       2       70       30       30       30        0                         0.2250E+09  0.9480E+08  0.5175E+07  0.9825E+06  0.2474E+06  0.2994E+03  0.0000E+00  0.0000E+00
       2       71       22       22       22        0                         0.1614E+09  0.7511E+08  0.3731E+07  0.7199E+06  0.1828E+06  0.2013E+03  0.0000E+00  0.0000E+00
       5       72       70       71        0        0                         0.3864E+09  0.1699E+09  0.8906E+07  0.1702E+07  0.4302E+06  0.5008E+03  0.0000E+00  0.0000E+00
       5       73       72       40        0        0                         0.5135E+09  0.2285E+09  0.1234E+08  0.2482E+07  0.5926E+06  0.5663E+03  0.0000E+00  0.0000E+00
       2       74       40       73       40        0                         0.5127E+09  0.2018E+05  0.9326E+07  0.1651E+07  0.5553E+06  0.1534E+04  0.0000E+00  0.0000E+00
       2       75       18       18       18        0                         0.1833E+09  0.6263E+08  0.4397E+07  0.8822E+06  0.1927E+06  0.4008E+03  0.0000E+00  0.0000E+00
       2       76       19       19       19        0                         0.1042E+09  0.3767E+08  0.2282E+07  0.4697E+06  0.1130E+06  0.2292E+03  0.0000E+00  0.0000E+00
       5       77       75       76        0        0                         0.2875E+09  0.1003E+09  0.6679E+07  0.1352E+07  0.3057E+06  0.6301E+03  0.0000E+00  0.0000E+00
       5       78       77       38        0        0                         0.4327E+09  0.1722E+09  0.1059E+08  0.2240E+07  0.4918E+06  0.7038E+03  0.0000E+00  0.0000E+00
       2       79       38       78       38        0                         0.4320E+09  0.1938E+05  0.7398E+07  0.1433E+07  0.4526E+06  0.1879E+04  0.0000E+00  0.0000E+00
       5       80       74       79        0        0                         0.9446E+09  0.3956E+05  0.1672E+08  0.3084E+07  0.1008E+07  0.3413E+04  0.0000E+00  0.0000E+00
       5       81       80       46        0        0                         0.9459E+09  0.6264E+06  0.1676E+08  0.3092E+07  0.1010E+07  0.3414E+04  0.0000E+00  0.0000E+00
       2       82       46       81       46        0                         0.9454E+09  0.4282E+05  0.1449E+08  0.2802E+07  0.1007E+07  0.8470E+04  0.0000E+00  0.0000E+00
       2       83       26       26       26        0                         0.8407E+08  0.3115E+08  0.1938E+07  0.3865E+06  0.9618E+05  0.1157E+03  0.0000E+00  0.0000E+00
       5       84       82       83        0        0                         0.1029E+10  0.3120E+08  0.1643E+08  0.3188E+07  0.1103E+07  0.8586E+04  0.0000E+00  0.0000E+00
       5       85       84       47        0        0                         0.1071E+10  0.5017E+08  0.1745E+08  0.3437E+07  0.1159E+07  0.8612E+04  0.0000E+00  0.0000E+00
       2       86       47       85       47        0                         0.1069E+10  0.3787E+05  0.1294E+08  0.2591E+07  0.1143E+07  0.2400E+05  0.0000E+00  0.0000E+00
       2       87       29       29       29        0                         0.1628E+09  0.7594E+08  0.3716E+07  0.7140E+06  0.1843E+06  0.2039E+03  0.0000E+00  0.0000E+00
       5       88       86       87        0        0                         0.1232E+10  0.7598E+08  0.1665E+08  0.3305E+07  0.1327E+07  0.2421E+05  0.0000E+00  0.0000E+00
       5       89       88       49        0        0                         0.1236E+10  0.7717E+08  0.1674E+08  0.3326E+07  0.1331E+07  0.2421E+05  0.0000E+00  0.0000E+00
       2       90       49       89       49        0                         0.1235E+10  0.4638E+05  0.1329E+08  0.2879E+07  0.1332E+07  0.5350E+05  0.0000E+00  0.0000E+00
       2       91       27       27       27        0                         0.7075E+08  0.3131E+08  0.1629E+07  0.3734E+06  0.8532E+05  0.1031E+03  0.0000E+00  0.0000E+00
       5       92       90       91        0        0                         0.1305E+10  0.3135E+08  0.1492E+08  0.3253E+07  0.1417E+07  0.5360E+05  0.0000E+00  0.0000E+00
       5       93       92       50        0        0                         0.1479E+10  0.1173E+09  0.1916E+08  0.4284E+07  0.1650E+07  0.5371E+05  0.0000E+00  0.0000E+00
       2       94       50       93       50        0                         0.1477E+10  0.5749E+05  0.1279E+08  0.2652E+07  0.1595E+07  0.1364E+06  0.0000E+00  0.0000E+00
       2       95       10       10       10        0                         0.2922E+09  0.6233E+08  0.6715E+07  0.1276E+07  0.2808E+06  0.7699E+03  0.0000E+00  0.0000E+00
       2       96        6        6        6        0                         0.2640E+09  0.5029E+08  0.5781E+07  0.1111E+07  0.2428E+06  0.8228E+03  0.0000E+00  0.0000E+00
       5       97       95       96        0        0                         0.5562E+09  0.1126E+09  0.1250E+08  0.2387E+07  0.5236E+06  0.1593E+04  0.0000E+00  0.0000E+00
       5       98       97       44        0        0                         0.6408E+09  0.1316E+09  0.1502E+08  0.2959E+07  0.6227E+06  0.1692E+04  0.0000E+00  0.0000E+00
       2       99       44       98       44        0                         0.6395E+09  0.1735E+05  0.1103E+08  0.1880E+07  0.5814E+06  0.4293E+04  0.0000E+00  0.0000E+00
       2      100       16       16       16        0                         0.2639E+09  0.6301E+08  0.6139E+07  0.1152E+07  0.2583E+06  0.6499E+03  0.0000E+00  0.0000E+00
       5      101       99      100        0        0                         0.9035E+09  0.6303E+08  0.1717E+08  0.3032E+07  0.8397E+06  0.4943E+04  0.0000E+00  0.0000E+00
       5      102      101       51        0        0                         0.1077E+10  0.1184E+09  0.2195E+08  0.4120E+07  0.1058E+07  0.5053E+04  0.0000E+00  0.0000E+00
       2      103       51      102       51        0                         0.1075E+10  0.4858E+05  0.1616E+08  0.2726E+07  0.1023E+07  0.1378E+05  0.0000E+00  0.0000E+00
       2      104       13       13       13        0                         0.1617E+09  0.3615E+08  0.3940E+07  0.8122E+06  0.1607E+06  0.4415E+03  0.0000E+00  0.0000E+00
       5      105      103      104        0        0                         0.1237E+10  0.3620E+08  0.2010E+08  0.3538E+07  0.1183E+07  0.1422E+05  0.0000E+00  0.0000E+00
       5      106      105       55        0        0                         0.1300E+10  0.6622E+08  0.2166E+08  0.3916E+07  0.1268E+07  0.1426E+05  0.0000E+00  0.0000E+00
       2      107       55      106       55        0                         0.1297E+10  0.6071E+05  0.1718E+08  0.3021E+07  0.1275E+07  0.4132E+05  0.0000E+00  0.0000E+00
       2      108       17       17       17        0                         0.1338E+09  0.4794E+08  0.3103E+07  0.6061E+06  0.1413E+06  0.2702E+03  0.0000E+00  0.0000E+00
       5      109      107      108        0        0                         0.1431E+10  0.4800E+08  0.2028E+08  0.3627E+07  0.1417E+07  0.4159E+05  0.0000E+00  0.0000E+00
       5      110      109       57        0        0                         0.1623E+10  0.1371E+09  0.2497E+08  0.4766E+07  0.1672E+07  0.4171E+05  0.0000E+00  0.0000E+00
       2      111       57      110       57        0                         0.1620E+10  0.7235E+05  0.1742E+08  0.3030E+07  0.1659E+07  0.1099E+06  0.0000E+00  0.0000E+00
       2      112       23       23       23        0                         0.7909E+08  0.3500E+08  0.1472E+07  0.3309E+06  0.9591E+05  0.1254E+03  0.0000E+00  0.0000E+00
       5      113      111      112        0        0                         0.1699E+10  0.3508E+08  0.1889E+08  0.3360E+07  0.1755E+07  0.1100E+06  0.0000E+00  0.0000E+00
       5      114      113       60        0        0                         0.1714E+10  0.4175E+08  0.1924E+08  0.3446E+07  0.1775E+07  0.1100E+06  0.0000E+00  0.0000E+00
       2      115       60      114       60        0                         0.1710E+10  0.2690E+05  0.1346E+08  0.2223E+07  0.1761E+07  0.2359E+06  0.0000E+00  0.0000E+00
       2      116       14       14       14        0                         0.3997E+09  0.1933E+09  0.6903E+07  0.1547E+07  0.4852E+06  0.7137E+03  0.0000E+00  0.0000E+00
       5      117      115      116        0        0                         0.2110E+10  0.1933E+09  0.2037E+08  0.3771E+07  0.2246E+07  0.2366E+06  0.0000E+00  0.0000E+00
       5      118      117       61        0        0                         0.2139E+10  0.2063E+09  0.2108E+08  0.3945E+07  0.2285E+07  0.2366E+06  0.0000E+00  0.0000E+00
       2      119       61      118       61        0                         0.2136E+10  0.4113E+05  0.1647E+08  0.3109E+07  0.2304E+07  0.3890E+06  0.0000E+00  0.0000E+00
       5      120       94      119        0        0                         0.3613E+10  0.9862E+05  0.2926E+08  0.5760E+07  0.3898E+07  0.5254E+06  0.0000E+00  0.0000E+00
       5      121      120       62        0        0                         0.3658E+10  0.2320E+08  0.3034E+08  0.6024E+07  0.3959E+07  0.5255E+06  0.0000E+00  0.0000E+00
       2      122       62      121       62        0                         0.3651E+10  0.1269E+06  0.2269E+08  0.4659E+07  0.3998E+07  0.8190E+06  0.0000E+00  0.0000E+00
       2      123       28       28       28        0                         0.6817E+08  0.3877E+08  0.1326E+07  0.3019E+06  0.8776E+05  0.9233E+02  0.0000E+00  0.0000E+00
       5      124      122      123        0        0                         0.3719E+10  0.3890E+08  0.2401E+08  0.4961E+07  0.4085E+07  0.8191E+06  0.0000E+00  0.0000E+00
       5      125      124       63        0        0                         0.3751E+10  0.5640E+08  0.2478E+08  0.5148E+07  0.4130E+07  0.8191E+06  0.0000E+00  0.0000E+00
       2      126       63      125       63        0                         0.3744E+10  0.1970E+06  0.1910E+08  0.4182E+07  0.4156E+07  0.9591E+06  0.0000E+00  0.0000E+00
       2      127       24       24       24        0                         0.1537E+09  0.8545E+08  0.2846E+07  0.6525E+06  0.1863E+06  0.2816E+03  0.0000E+00  0.0000E+00
       5      128      126      127        0        0                         0.3897E+10  0.8564E+08  0.2194E+08  0.4834E+07  0.4343E+07  0.9594E+06  0.0000E+00  0.0000E+00
       5      129      128       65        0        0                         0.3924E+10  0.9920E+08  0.2257E+08  0.4988E+07  0.4379E+07  0.9594E+06  0.0000E+00  0.0000E+00
       2      130       65      129       65        0                         0.3918E+10  0.3787E+05  0.1574E+08  0.3165E+07  0.4433E+07  0.1329E+07  0.0000E+00  0.0000E+00
       2      131       31       31       31        0                         0.6138E+08  0.4562E+08  0.9716E+06  0.2970E+06  0.9221E+05  0.1192E+03  0.0000E+00  0.0000E+00
       5      132      130      131        0        0                         0.3980E+10  0.4566E+08  0.1671E+08  0.3462E+07  0.4526E+07  0.1329E+07  0.0000E+00  0.0000E+00
       5      133      132       66        0        0                         0.4028E+10  0.6899E+08  0.1789E+08  0.3748E+07  0.4591E+07  0.1329E+07  0.0000E+00  0.0000E+00
       2      134       66      133       66        0                         0.4020E+10  0.1852E+06  0.1382E+08  0.2958E+07  0.4546E+07  0.1434E+07  0.0000E+00  0.0000E+00
       2      135       33       33       33        0                         0.6503E+08  0.3753E+08  0.1362E+07  0.3405E+06  0.8725E+05  0.9414E+02  0.0000E+00  0.0000E+00
       2      136       32       32       32        0                         0.1239E+09  0.6597E+08  0.2234E+07  0.4971E+06  0.1531E+06  0.1753E+03  0.0000E+00  0.0000E+00
       5      137      135      136        0        0                         0.1889E+09  0.1035E+09  0.3596E+07  0.8376E+06  0.2404E+06  0.2694E+03  0.0000E+00  0.0000E+00
       5      138      137       37        0        0                         0.2283E+09  0.1243E+09  0.4537E+07  0.1066E+07  0.2938E+06  0.2913E+03  0.0000E+00  0.0000E+00
       2      139       37      138       37        0                         0.2279E+09  0.8521E+04  0.3188E+07  0.7491E+06  0.2799E+06  0.8214E+03  0.0000E+00  0.0000E+00
       2      140       34       34       34        0                         0.6618E+08  0.3557E+08  0.1265E+07  0.2847E+06  0.8603E+05  0.9416E+02  0.0000E+00  0.0000E+00
       5      141      139      140        0        0                         0.2941E+09  0.3558E+08  0.4452E+07  0.1034E+07  0.3659E+06  0.9156E+03  0.0000E+00  0.0000E+00
       5      142      141       43        0        0                         0.5243E+09  0.1696E+09  0.9943E+07  0.2369E+07  0.6791E+06  0.1036E+04  0.0000E+00  0.0000E+00
       2      143       43      142       43        0                         0.5234E+09  0.2169E+05  0.6572E+07  0.1487E+07  0.6417E+06  0.3333E+04  0.0000E+00  0.0000E+00
       5      144      134      143        0        0                         0.4544E+10  0.2069E+06  0.2039E+08  0.4445E+07  0.5188E+07  0.1438E+07  0.0000E+00  0.0000E+00
       5      145      144       67        0        0                         0.4718E+10  0.1932E+09  0.2251E+08  0.5237E+07  0.5473E+07  0.1438E+07  0.0000E+00  0.0000E+00
       2      146       67      145       67        0                         0.4709E+10  0.1913E+06  0.1561E+08  0.3301E+07  0.5559E+07  0.1810E+07  0.0000E+00  0.0000E+00
       2      147       35       35       35        0                         0.1593E+09  0.8394E+08  0.2876E+07  0.6353E+06  0.1940E+06  0.2275E+03  0.0000E+00  0.0000E+00
       5      148      146      147        0        0                         0.4868E+10  0.8413E+08  0.1849E+08  0.3936E+07  0.5753E+07  0.1810E+07  0.0000E+00  0.0000E+00
       5      149      148       68        0        0                         0.4896E+10  0.1117E+09  0.1883E+08  0.4065E+07  0.5798E+07  0.1810E+07  0.0000E+00  0.0000E+00
       2      150       68      149       68        0                         0.4889E+10  0.1218E+06  0.1386E+08  0.3109E+07  0.5808E+07  0.2011E+07  0.0000E+00  0.0000E+00
       2      151        5        5        5        0                         0.1538E+09  0.7730E+08  0.2203E+07  0.6001E+06  0.1942E+06  0.4792E+03  0.0000E+00  0.0000E+00
       2      152        1        1        1        0                         0.2192E+09  0.1049E+09  0.3212E+07  0.8366E+06  0.2683E+06  0.6735E+03  0.0000E+00  0.0000E+00
       5      153      151      152        0        0                         0.3729E+09  0.1822E+09  0.5415E+07  0.1437E+07  0.4624E+06  0.1153E+04  0.0000E+00  0.0000E+00
       5      154      153       41        0        0                         0.4949E+09  0.2548E+09  0.7427E+07  0.2055E+07  0.6456E+06  0.1250E+04  0.0000E+00  0.0000E+00
       2      155       41      154       41        0                         0.4939E+09  0.1458E+05  0.5684E+07  0.1374E+07  0.5807E+06  0.3687E+04  0.0000E+00  0.0000E+00
       2      156        2        2        2        0                         0.1552E+09  0.5393E+08  0.2628E+07  0.6069E+06  0.1734E+06  0.4926E+03  0.0000E+00  0.0000E+00
       2      157        4        4        4        0                         0.7085E+08  0.5371E+08  0.1009E+07  0.2836E+06  0.9596E+05  0.1349E+03  0.0000E+00  0.0000E+00
       5      158      156      157        0        0                         0.2261E+09  0.1076E+09  0.3636E+07  0.8905E+06  0.2693E+06  0.6275E+03  0.0000E+00  0.0000E+00
       5      159      158       36        0        0                         0.4362E+09  0.2083E+09  0.7183E+07  0.1980E+07  0.5790E+06  0.9139E+03  0.0000E+00  0.0000E+00
       2      160       36      159       36        0                         0.4353E+09  0.1372E+05  0.5068E+07  0.1202E+07  0.5022E+06  0.2601E+04  0.0000E+00  0.0000E+00
       5      161      155      160        0        0                         0.9292E+09  0.2830E+05  0.1075E+08  0.2576E+07  0.1083E+07  0.6289E+04  0.0000E+00  0.0000E+00
       5      162      161       48        0        0                         0.1017E+10  0.3250E+08  0.1223E+08  0.3031E+07  0.1213E+07  0.6410E+04  0.0000E+00  0.0000E+00
       2      163       48      162       48        0                         0.1015E+10  0.3207E+05  0.8470E+07  0.1875E+07  0.1141E+07  0.1900E+05  0.0000E+00  0.0000E+00
       2      164       12       12       12        0                         0.7473E+08  0.3279E+08  0.1098E+07  0.3059E+06  0.9703E+05  0.2426E+03  0.0000E+00  0.0000E+00
       5      165      163      164        0        0                         0.1090E+10  0.3283E+08  0.9568E+07  0.2181E+07  0.1238E+07  0.1924E+05  0.0000E+00  0.0000E+00
       5      166      165       53        0        0                         0.1132E+10  0.5881E+08  0.1026E+08  0.2394E+07  0.1301E+07  0.1928E+05  0.0000E+00  0.0000E+00
       2      167       53      166       53        0                         0.1130E+10  0.4200E+05  0.7486E+07  0.1685E+07  0.1294E+07  0.5273E+05  0.0000E+00  0.0000E+00
       2      168        9        9        9        0                         0.2513E+09  0.1442E+09  0.3655E+07  0.9609E+06  0.3220E+06  0.5306E+03  0.0000E+00  0.0000E+00
       5      169      167      168        0        0                         0.1381E+10  0.1443E+09  0.1114E+08  0.2646E+07  0.1616E+07  0.5326E+05  0.0000E+00  0.0000E+00
       5      170      169       56        0        0                         0.1445E+10  0.1948E+09  0.1217E+08  0.2961E+07  0.1713E+07  0.5330E+05  0.0000E+00  0.0000E+00
       2      171       56      170       56        0                         0.1441E+10  0.5290E+05  0.8510E+07  0.1948E+07  0.1710E+07  0.1380E+06  0.0000E+00  0.0000E+00
       2      172       11       11       11        0                         0.2714E+09  0.1741E+09  0.3927E+07  0.1032E+07  0.3507E+06  0.5397E+03  0.0000E+00  0.0000E+00
       5      173      171      172        0        0                         0.1713E+10  0.1741E+09  0.1244E+08  0.2979E+07  0.2061E+07  0.1386E+06  0.0000E+00  0.0000E+00
       5      174      173       58        0        0                         0.1800E+10  0.2493E+09  0.1384E+08  0.3412E+07  0.2195E+07  0.1386E+06  0.0000E+00  0.0000E+00
       2      175       58      174       58        0                         0.1796E+10  0.7050E+05  0.9961E+07  0.2365E+07  0.2233E+07  0.2792E+06  0.0000E+00  0.0000E+00
       2      176        7        7        7        0                         0.7249E+08  0.2825E+08  0.1062E+07  0.2898E+06  0.9039E+05  0.2623E+03  0.0000E+00  0.0000E+00
       2      177        3        3        3        0                         0.1319E+09  0.2284E+08  0.2998E+07  0.5916E+06  0.1237E+06  0.4143E+03  0.0000E+00  0.0000E+00
       5      178      176      177        0        0                         0.2044E+09  0.5109E+08  0.4060E+07  0.8814E+06  0.2141E+06  0.6766E+03  0.0000E+00  0.0000E+00
       5      179      178       39        0        0                         0.3113E+09  0.8714E+08  0.6772E+07  0.1544E+07  0.3510E+06  0.7890E+03  0.0000E+00  0.0000E+00
       2      180       39      179       39        0                         0.3107E+09  0.8796E+04  0.4955E+07  0.9855E+06  0.3148E+06  0.2142E+04  0.0000E+00  0.0000E+00
       2      181        8        8        8        0                         0.1256E+09  0.2717E+08  0.2915E+07  0.5848E+06  0.1225E+06  0.3340E+03  0.0000E+00  0.0000E+00
       5      182      180      181        0        0                         0.4363E+09  0.2718E+08  0.7870E+07  0.1570E+07  0.4373E+06  0.2476E+04  0.0000E+00  0.0000E+00
       5      183      182       45        0        0                         0.5811E+09  0.9757E+08  0.1029E+08  0.2313E+07  0.6528E+06  0.2645E+04  0.0000E+00  0.0000E+00
       2      184       45      183       45        0                         0.5799E+09  0.1563E+05  0.7610E+07  0.1440E+07  0.6034E+06  0.7963E+04  0.0000E+00  0.0000E+00
       2      185       15       15       15        0                         0.6367E+08  0.4171E+08  0.8830E+06  0.2522E+06  0.8560E+05  0.1382E+03  0.0000E+00  0.0000E+00
       5      186      184      185        0        0                         0.6436E+09  0.4172E+08  0.8493E+07  0.1692E+07  0.6890E+06  0.8101E+04  0.0000E+00  0.0000E+00
       5      187      186       52        0        0                         0.7525E+09  0.1189E+09  0.1028E+08  0.2241E+07  0.8536E+06  0.8180E+04  0.0000E+00  0.0000E+00
       2      188       52      187       52        0                         0.7510E+09  0.2677E+05  0.7923E+07  0.1542E+07  0.8315E+06  0.2585E+05  0.0000E+00  0.0000E+00
       2      189       20       20       20        0                         0.1188E+09  0.7417E+08  0.1703E+07  0.4572E+06  0.1528E+06  0.2543E+03  0.0000E+00  0.0000E+00
       5      190      188      189        0        0                         0.8697E+09  0.7419E+08  0.9626E+07  0.2000E+07  0.9843E+06  0.2611E+05  0.0000E+00  0.0000E+00
       5      191      190       54        0        0                         0.1138E+10  0.2789E+09  0.1398E+08  0.3339E+07  0.1393E+07  0.2629E+05  0.0000E+00  0.0000E+00
       2      192       54      191       54        0                         0.1136E+10  0.4280E+05  0.1020E+08  0.2038E+07  0.1361E+07  0.8305E+05  0.0000E+00  0.0000E+00
       5      193      175      192        0        0                         0.2932E+10  0.1133E+06  0.2016E+08  0.4403E+07  0.3594E+07  0.3622E+06  0.0000E+00  0.0000E+00
       5      194      193       59        0        0                         0.3249E+10  0.2877E+09  0.2524E+08  0.5964E+07  0.4082E+07  0.3624E+06  0.0000E+00  0.0000E+00
       2      195       59      194       59        0                         0.3242E+10  0.1363E+06  0.1725E+08  0.3595E+07  0.4031E+07  0.7537E+06  0.0000E+00  0.0000E+00
       2      196       25       25       25        0                         0.7358E+08  0.5203E+08  0.1016E+07  0.2823E+06  0.9829E+05  0.1499E+03  0.0000E+00  0.0000E+00
       2      197       21       21       21        0                         0.2636E+09  0.1780E+09  0.3793E+07  0.1007E+07  0.3387E+06  0.5328E+03  0.0000E+00  0.0000E+00
       5      198      196      197        0        0                         0.3371E+09  0.2301E+09  0.4809E+07  0.1289E+07  0.4370E+06  0.6827E+03  0.0000E+00  0.0000E+00
       5      199      198       42        0        0                         0.3431E+09  0.2348E+09  0.4883E+07  0.1317E+07  0.4465E+06  0.6906E+03  0.0000E+00  0.0000E+00
       2      200       42      199       42        0                         0.3423E+09  0.1585E+05  0.4259E+07  0.1126E+07  0.4426E+06  0.2032E+04  0.0000E+00  0.0000E+00
       5      201      195      200        0        0                         0.3585E+10  0.1522E+06  0.2151E+08  0.4720E+07  0.4474E+07  0.7557E+06  0.0000E+00  0.0000E+00
       5      202      201       64        0        0                         0.3795E+10  0.2263E+09  0.2404E+08  0.5667E+07  0.4821E+07  0.7558E+06  0.0000E+00  0.0000E+00
       2      203       64      202       64        0                         0.3787E+10  0.2106E+06  0.1645E+08  0.3570E+07  0.4997E+07  0.1183E+07  0.0000E+00  0.0000E+00
       5      204      150      203        0        0                         0.8677E+10  0.3324E+06  0.3031E+08  0.6679E+07  0.1080E+08  0.3194E+07  0.0000E+00  0.0000E+00
       5      205      204       69        0        0                         0.8700E+10  0.2191E+08  0.3061E+08  0.6790E+07  0.1084E+08  0.3194E+07  0.0000E+00  0.0000E+00
       2      206       69      205       69        0                         0.8691E+10  0.3840E+06  0.2334E+08  0.5421E+07  0.1079E+08  0.3263E+07  0.0000E+00  0.0000E+00
